{
  "RSpec": {
    "coverage": {
      "/Users/ben/DBC/tubeGenius/app/controllers/comments_controller.rb": [
        1,
        null,
        null,
        1,
        2,
        0,
        0,
        null,
        2,
        2,
        null,
        null,
        null,
        1,
        2,
        2,
        null,
        null,
        1,
        0,
        0,
        null,
        null,
        1,
        0,
        0,
        0,
        0,
        null,
        0,
        null,
        null,
        null,
        1,
        3,
        0,
        0,
        null,
        3,
        3,
        null,
        null,
        3,
        2,
        null,
        1,
        1,
        null,
        null,
        null,
        1,
        1,
        1,
        null,
        null,
        1,
        1,
        1,
        1,
        null,
        null,
        1,
        null,
        null,
        1,
        null,
        1,
        1,
        1,
        1,
        null,
        null,
        null,
        null,
        null,
        1,
        3,
        null,
        null
      ],
      "/Users/ben/DBC/tubeGenius/app/controllers/application_controller.rb": [
        1,
        1,
        null,
        1,
        1,
        null,
        null,
        1,
        4,
        null,
        null,
        1,
        3,
        null,
        null,
        1,
        2,
        null,
        null,
        1,
        0,
        0,
        0,
        null,
        null,
        null,
        1,
        0,
        0,
        null,
        null,
        null,
        1,
        0,
        null,
        null
      ],
      "/Users/ben/DBC/tubeGenius/spec/controllers/session_controller_spec.rb": [
        1,
        null,
        1,
        7,
        null,
        1,
        1,
        1,
        1,
        null,
        null,
        null,
        1,
        null,
        1,
        1,
        1,
        null,
        null,
        1,
        1,
        1,
        null,
        null,
        1,
        1,
        1,
        null,
        null,
        null,
        1,
        1,
        1,
        1,
        null,
        null,
        1,
        1,
        1,
        1,
        null,
        null,
        null
      ],
      "/Users/ben/DBC/tubeGenius/app/controllers/sessions_controller.rb": [
        1,
        null,
        1,
        1,
        null,
        null,
        1,
        4,
        4,
        3,
        3,
        null,
        1,
        1,
        null,
        null,
        null,
        1,
        2,
        2,
        null,
        null
      ],
      "/Users/ben/DBC/tubeGenius/spec/controllers/users_controller_spec.rb": [

      ],
      "/Users/ben/DBC/tubeGenius/spec/controllers/videos_controller_spec.rb": [
        1,
        null,
        1,
        2,
        null,
        1,
        1,
        1,
        null,
        null,
        null
      ],
      "/Users/ben/DBC/tubeGenius/app/controllers/videos_controller.rb": [
        1,
        null,
        null,
        1,
        5,
        5,
        5,
        null,
        null,
        1,
        9,
        null,
        null,
        1,
        2,
        null,
        null,
        1,
        2,
        2,
        1,
        null,
        1,
        null,
        null,
        null,
        1,
        1,
        1,
        null,
        1,
        null,
        null,
        1,
        6,
        6,
        6,
        4,
        4,
        null,
        2,
        2,
        null,
        null,
        null,
        1,
        1,
        1,
        1,
        null,
        1,
        1,
        1,
        null,
        null,
        null,
        1,
        1,
        null,
        null,
        1,
        null,
        1,
        8,
        null,
        null,
        null
      ],
      "/Users/ben/DBC/tubeGenius/spec/controllers/welcome_controller_spec.rb": [
        1,
        null,
        1,
        1,
        1,
        1,
        1,
        null,
        null,
        null
      ],
      "/Users/ben/DBC/tubeGenius/app/controllers/welcome_controller.rb": [
        1,
        null,
        1,
        null,
        null,
        null
      ],
      "/Users/ben/DBC/tubeGenius/spec/features/comment_creation_spec.rb": [
        1,
        null,
        1,
        null,
        2,
        null,
        2,
        null,
        1,
        1,
        null,
        1,
        1,
        1,
        1,
        1,
        null,
        null,
        null
      ],
      "/Users/ben/DBC/tubeGenius/spec/features/user_auth_spec.rb": [

      ],
      "/Users/ben/DBC/tubeGenius/spec/features/video_creation_spec.rb": [
        1,
        null,
        1,
        4,
        null,
        1,
        1,
        null,
        1,
        1,
        1,
        1,
        null,
        1,
        null,
        null,
        1,
        1,
        null,
        1,
        1,
        1,
        1,
        null,
        1,
        null,
        null,
        1,
        1,
        null,
        1,
        1,
        null,
        1,
        null,
        null
      ],
      "/Users/ben/DBC/tubeGenius/spec/features/video_deletion_spec.rb": [
        1,
        null,
        1,
        2,
        null,
        1,
        1,
        null,
        1,
        1,
        1,
        1,
        null,
        1,
        null,
        1,
        null,
        null,
        null
      ],
      "/Users/ben/DBC/tubeGenius/spec/features/video_edit_spec.rb": [
        1,
        null,
        1,
        3,
        null,
        1,
        1,
        null,
        1,
        1,
        1,
        1,
        null,
        1,
        null,
        1,
        1,
        null,
        1,
        null,
        null,
        1,
        1,
        null,
        1,
        1,
        1,
        1,
        null,
        1,
        null,
        1,
        1,
        null,
        1,
        null,
        null,
        null
      ],
      "/Users/ben/DBC/tubeGenius/spec/models/comment_spec.rb": [

      ],
      "/Users/ben/DBC/tubeGenius/spec/models/user_spec.rb": [

      ],
      "/Users/ben/DBC/tubeGenius/spec/models/video_spec.rb": [

      ],
      "/Users/ben/DBC/tubeGenius/app/models/user.rb": [
        1,
        1,
        1,
        null,
        1,
        1,
        1,
        1,
        null,
        null
      ],
      "/Users/ben/DBC/tubeGenius/app/models/video.rb": [
        1,
        null,
        1,
        1,
        null,
        1,
        1,
        null,
        null
      ],
      "/Users/ben/DBC/tubeGenius/app/models/comment.rb": [
        1,
        null,
        1,
        1,
        null,
        1,
        1,
        null,
        1,
        null,
        null,
        null
      ]
    },
    "timestamp": 1431203248
  }
}
